  [1m[35m (206.0ms)[0m  [1m[35mCREATE DATABASE "disbursements_calculator_development" ENCODING = 'unicode'[0m
  [1m[35m (55.7ms)[0m  [1m[35mCREATE DATABASE "disbursements_calculator_test" ENCODING = 'unicode'[0m
  [1m[35m (10.8ms)[0m  [1m[35mCREATE TABLE "schema_migrations" ("version" character varying NOT NULL PRIMARY KEY)[0m
  [1m[35m (4.7ms)[0m  [1m[35mCREATE TABLE "ar_internal_metadata" ("key" character varying NOT NULL PRIMARY KEY, "value" character varying, "created_at" timestamp(6) NOT NULL, "updated_at" timestamp(6) NOT NULL)[0m
  [1m[35m (0.1ms)[0m  [1m[34mSELECT pg_try_advisory_lock(8442349020653383500)[0m
  [1m[36mActiveRecord::SchemaMigration Pluck (0.7ms)[0m  [1m[34mSELECT "schema_migrations"."version" FROM "schema_migrations" ORDER BY "schema_migrations"."version" ASC[0m
  [1m[36mActiveRecord::InternalMetadata Load (0.5ms)[0m  [1m[34mSELECT "ar_internal_metadata".* FROM "ar_internal_metadata" WHERE "ar_internal_metadata"."key" = $1 LIMIT $2[0m  [["key", "environment"], ["LIMIT", 1]]
  [1m[36mTRANSACTION (0.1ms)[0m  [1m[35mBEGIN[0m
  [1m[36mActiveRecord::InternalMetadata Create (0.8ms)[0m  [1m[32mINSERT INTO "ar_internal_metadata" ("key", "value", "created_at", "updated_at") VALUES ($1, $2, $3, $4) RETURNING "key"[0m  [["key", "environment"], ["value", "development"], ["created_at", "2022-06-12 15:38:42.622145"], ["updated_at", "2022-06-12 15:38:42.622145"]]
  [1m[36mTRANSACTION (0.2ms)[0m  [1m[35mCOMMIT[0m
  [1m[35m (0.2ms)[0m  [1m[34mSELECT pg_advisory_unlock(8442349020653383500)[0m
  [1m[36mActiveRecord::SchemaMigration Pluck (0.5ms)[0m  [1m[34mSELECT "schema_migrations"."version" FROM "schema_migrations" ORDER BY "schema_migrations"."version" ASC[0m
  [1m[35m (0.1ms)[0m  [1m[34mSELECT pg_try_advisory_lock(8442349020653383500)[0m
  [1m[36mActiveRecord::SchemaMigration Pluck (0.5ms)[0m  [1m[34mSELECT "schema_migrations"."version" FROM "schema_migrations" ORDER BY "schema_migrations"."version" ASC[0m
Migrating to CreateMerchants (20220612154711)
  [1m[36mTRANSACTION (0.2ms)[0m  [1m[35mBEGIN[0m
  [1m[35m (18.4ms)[0m  [1m[35mCREATE TABLE "merchants" ("id" bigserial primary key, "name" character varying, "email" character varying, "cif" character varying, "internal_id" integer, "created_at" timestamp(6) NOT NULL, "updated_at" timestamp(6) NOT NULL)[0m
  [1m[36mActiveRecord::SchemaMigration Create (11.0ms)[0m  [1m[32mINSERT INTO "schema_migrations" ("version") VALUES ($1) RETURNING "version"[0m  [["version", "20220612154711"]]
  [1m[36mTRANSACTION (1.9ms)[0m  [1m[35mCOMMIT[0m
Migrating to CreateOrders (20220612154758)
  [1m[36mTRANSACTION (0.7ms)[0m  [1m[35mBEGIN[0m
  [1m[35m (17.2ms)[0m  [1m[35mCREATE TABLE "orders" ("id" bigserial primary key, "amount_cents" integer DEFAULT 0 NOT NULL, "amount_currency" character varying DEFAULT 'USD' NOT NULL, "order_creation" timestamp(6), "order_completion" timestamp(6), "merchant_id" bigint NOT NULL, "internal_id" integer, "created_at" timestamp(6) NOT NULL, "updated_at" timestamp(6) NOT NULL, CONSTRAINT "fk_rails_412cc65b8b"
FOREIGN KEY ("merchant_id")
  REFERENCES "merchants" ("id")
)[0m
  [1m[35m (0.6ms)[0m  [1m[35mCREATE INDEX "index_orders_on_merchant_id" ON "orders" ("merchant_id")[0m
  [1m[36mActiveRecord::SchemaMigration Create (0.2ms)[0m  [1m[32mINSERT INTO "schema_migrations" ("version") VALUES ($1) RETURNING "version"[0m  [["version", "20220612154758"]]
  [1m[36mTRANSACTION (0.3ms)[0m  [1m[35mCOMMIT[0m
  [1m[36mActiveRecord::InternalMetadata Load (0.4ms)[0m  [1m[34mSELECT "ar_internal_metadata".* FROM "ar_internal_metadata" WHERE "ar_internal_metadata"."key" = $1 LIMIT $2[0m  [["key", "environment"], ["LIMIT", 1]]
  [1m[35m (0.3ms)[0m  [1m[34mSELECT pg_advisory_unlock(8442349020653383500)[0m
  [1m[36mActiveRecord::SchemaMigration Pluck (0.6ms)[0m  [1m[34mSELECT "schema_migrations"."version" FROM "schema_migrations" ORDER BY "schema_migrations"."version" ASC[0m
  [1m[35m (0.1ms)[0m  [1m[34mSELECT pg_try_advisory_lock(8442349020653383500)[0m
  [1m[36mActiveRecord::SchemaMigration Pluck (0.5ms)[0m  [1m[34mSELECT "schema_migrations"."version" FROM "schema_migrations" ORDER BY "schema_migrations"."version" ASC[0m
  [1m[36mActiveRecord::InternalMetadata Load (0.4ms)[0m  [1m[34mSELECT "ar_internal_metadata".* FROM "ar_internal_metadata" WHERE "ar_internal_metadata"."key" = $1 LIMIT $2[0m  [["key", "environment"], ["LIMIT", 1]]
  [1m[35m (0.3ms)[0m  [1m[34mSELECT pg_advisory_unlock(8442349020653383500)[0m
  [1m[36mActiveRecord::SchemaMigration Pluck (0.5ms)[0m  [1m[34mSELECT "schema_migrations"."version" FROM "schema_migrations" ORDER BY "schema_migrations"."version" ASC[0m
  [1m[35m (0.1ms)[0m  [1m[34mSELECT pg_try_advisory_lock(8442349020653383500)[0m
  [1m[36mActiveRecord::SchemaMigration Pluck (0.8ms)[0m  [1m[34mSELECT "schema_migrations"."version" FROM "schema_migrations" ORDER BY "schema_migrations"."version" ASC[0m
  [1m[36mActiveRecord::InternalMetadata Load (0.5ms)[0m  [1m[34mSELECT "ar_internal_metadata".* FROM "ar_internal_metadata" WHERE "ar_internal_metadata"."key" = $1 LIMIT $2[0m  [["key", "environment"], ["LIMIT", 1]]
  [1m[35m (0.3ms)[0m  [1m[34mSELECT pg_advisory_unlock(8442349020653383500)[0m
  [1m[36mActiveRecord::SchemaMigration Pluck (0.5ms)[0m  [1m[34mSELECT "schema_migrations"."version" FROM "schema_migrations" ORDER BY "schema_migrations"."version" ASC[0m
  [1m[35m (0.2ms)[0m  [1m[34mSELECT pg_try_advisory_lock(8442349020653383500)[0m
  [1m[36mActiveRecord::SchemaMigration Pluck (1.3ms)[0m  [1m[34mSELECT "schema_migrations"."version" FROM "schema_migrations" ORDER BY "schema_migrations"."version" ASC[0m
Migrating to AddMoneyToOrders (20220612160658)
  [1m[35m (0.3ms)[0m  [1m[34mSELECT pg_advisory_unlock(8442349020653383500)[0m
  [1m[35m (0.1ms)[0m  [1m[34mSELECT pg_try_advisory_lock(8442349020653383500)[0m
  [1m[36mActiveRecord::SchemaMigration Pluck (0.5ms)[0m  [1m[34mSELECT "schema_migrations"."version" FROM "schema_migrations" ORDER BY "schema_migrations"."version" ASC[0m
Migrating to AddMoneyToOrders (20220612160658)
  [1m[36mTRANSACTION (0.1ms)[0m  [1m[35mBEGIN[0m
  [1m[35m (5.5ms)[0m  [1m[35mALTER TABLE "orders" ADD "amount_cents" integer DEFAULT 0 NOT NULL[0m
  [1m[36mTRANSACTION (0.1ms)[0m  [1m[31mROLLBACK[0m
  [1m[35m (0.4ms)[0m  [1m[34mSELECT pg_advisory_unlock(8442349020653383500)[0m
  [1m[35m (0.1ms)[0m  [1m[34mSELECT pg_try_advisory_lock(8442349020653383500)[0m
  [1m[36mActiveRecord::SchemaMigration Pluck (0.8ms)[0m  [1m[34mSELECT "schema_migrations"."version" FROM "schema_migrations" ORDER BY "schema_migrations"."version" ASC[0m
Migrating to AddMoneyToOrders (20220612160658)
  [1m[36mTRANSACTION (0.1ms)[0m  [1m[35mBEGIN[0m
  [1m[35m (6.1ms)[0m  [1m[35mALTER TABLE "orders" DROP COLUMN "amount"[0m
  [1m[36mTRANSACTION (0.1ms)[0m  [1m[31mROLLBACK[0m
  [1m[35m (0.3ms)[0m  [1m[34mSELECT pg_advisory_unlock(8442349020653383500)[0m
  [1m[35m (0.2ms)[0m  [1m[34mSELECT pg_try_advisory_lock(8442349020653383500)[0m
  [1m[36mActiveRecord::SchemaMigration Pluck (1.0ms)[0m  [1m[34mSELECT "schema_migrations"."version" FROM "schema_migrations" ORDER BY "schema_migrations"."version" ASC[0m
Migrating to AddMoneyToOrders (20220612160658)
  [1m[36mTRANSACTION (0.2ms)[0m  [1m[35mBEGIN[0m
  [1m[35m (3.3ms)[0m  [1m[35mALTER TABLE "orders" DROP COLUMN "amount_cents"[0m
  [1m[35m (1.3ms)[0m  [1m[35mALTER TABLE "orders" ADD "amount_cents" integer DEFAULT 0 NOT NULL[0m
  [1m[35m (1.0ms)[0m  [1m[35mALTER TABLE "orders" ADD "amount_currency" character varying DEFAULT 'EUR' NOT NULL[0m
  [1m[36mTRANSACTION (0.1ms)[0m  [1m[31mROLLBACK[0m
  [1m[35m (0.2ms)[0m  [1m[34mSELECT pg_advisory_unlock(8442349020653383500)[0m
  [1m[35m (0.1ms)[0m  [1m[34mSELECT pg_try_advisory_lock(8442349020653383500)[0m
  [1m[36mActiveRecord::SchemaMigration Pluck (0.8ms)[0m  [1m[34mSELECT "schema_migrations"."version" FROM "schema_migrations" ORDER BY "schema_migrations"."version" ASC[0m
Migrating to AddMoneyToOrders (20220612160658)
  [1m[36mTRANSACTION (0.1ms)[0m  [1m[35mBEGIN[0m
  [1m[35m (1.9ms)[0m  [1m[35mALTER TABLE "orders" DROP COLUMN "amount_cents"[0m
  [1m[35m (2.1ms)[0m  [1m[35mALTER TABLE "orders" DROP COLUMN "amount_currency"[0m
  [1m[35m (0.9ms)[0m  [1m[35mALTER TABLE "orders" ADD "amount_cents" integer DEFAULT 0 NOT NULL[0m
  [1m[35m (0.4ms)[0m  [1m[35mALTER TABLE "orders" ADD "amount_currency" character varying DEFAULT 'EUR' NOT NULL[0m
  [1m[36mActiveRecord::SchemaMigration Create (0.4ms)[0m  [1m[32mINSERT INTO "schema_migrations" ("version") VALUES ($1) RETURNING "version"[0m  [["version", "20220612160658"]]
  [1m[36mTRANSACTION (0.3ms)[0m  [1m[35mCOMMIT[0m
  [1m[36mActiveRecord::InternalMetadata Load (0.6ms)[0m  [1m[34mSELECT "ar_internal_metadata".* FROM "ar_internal_metadata" WHERE "ar_internal_metadata"."key" = $1 LIMIT $2[0m  [["key", "environment"], ["LIMIT", 1]]
  [1m[35m (0.5ms)[0m  [1m[34mSELECT pg_advisory_unlock(8442349020653383500)[0m
  [1m[36mActiveRecord::SchemaMigration Pluck (0.5ms)[0m  [1m[34mSELECT "schema_migrations"."version" FROM "schema_migrations" ORDER BY "schema_migrations"."version" ASC[0m
  [1m[35m (0.2ms)[0m  [1m[34mSELECT pg_try_advisory_lock(8442349020653383500)[0m
  [1m[36mActiveRecord::SchemaMigration Pluck (1.0ms)[0m  [1m[34mSELECT "schema_migrations"."version" FROM "schema_migrations" ORDER BY "schema_migrations"."version" ASC[0m
Migrating to AddMonetizeToOrders (20220612161521)
  [1m[36mTRANSACTION (0.1ms)[0m  [1m[35mBEGIN[0m
  [1m[35m (1.5ms)[0m  [1m[35mALTER TABLE "orders" DROP COLUMN "amount_cents"[0m
  [1m[35m (0.3ms)[0m  [1m[35mALTER TABLE "orders" DROP COLUMN "amount_currency"[0m
  [1m[35m (0.9ms)[0m  [1m[35mALTER TABLE "orders" ADD "amount_cents" integer DEFAULT 0 NOT NULL[0m
  [1m[35m (0.3ms)[0m  [1m[35mALTER TABLE "orders" ADD "amount_currency" character varying DEFAULT 'EUR' NOT NULL[0m
  [1m[36mActiveRecord::SchemaMigration Create (1.1ms)[0m  [1m[32mINSERT INTO "schema_migrations" ("version") VALUES ($1) RETURNING "version"[0m  [["version", "20220612161521"]]
  [1m[36mTRANSACTION (3.5ms)[0m  [1m[35mCOMMIT[0m
  [1m[36mActiveRecord::InternalMetadata Load (0.6ms)[0m  [1m[34mSELECT "ar_internal_metadata".* FROM "ar_internal_metadata" WHERE "ar_internal_metadata"."key" = $1 LIMIT $2[0m  [["key", "environment"], ["LIMIT", 1]]
  [1m[35m (0.3ms)[0m  [1m[34mSELECT pg_advisory_unlock(8442349020653383500)[0m
  [1m[36mActiveRecord::SchemaMigration Pluck (0.6ms)[0m  [1m[34mSELECT "schema_migrations"."version" FROM "schema_migrations" ORDER BY "schema_migrations"."version" ASC[0m
  [1m[35m (0.1ms)[0m  [1m[34mSELECT pg_try_advisory_lock(8442349020653383500)[0m
  [1m[36mActiveRecord::SchemaMigration Pluck (1.2ms)[0m  [1m[34mSELECT "schema_migrations"."version" FROM "schema_migrations" ORDER BY "schema_migrations"."version" ASC[0m
Migrating to AddMonetizeToOrders (20220612162235)
  [1m[36mTRANSACTION (0.1ms)[0m  [1m[35mBEGIN[0m
  [1m[35m (1.5ms)[0m  [1m[35mALTER TABLE "orders" DROP COLUMN "amount_cents"[0m
  [1m[35m (0.3ms)[0m  [1m[35mALTER TABLE "orders" DROP COLUMN "amount_currency"[0m
  [1m[35m (1.0ms)[0m  [1m[35mALTER TABLE "orders" ADD "amount_cents" integer DEFAULT 0 NOT NULL[0m
  [1m[35m (0.4ms)[0m  [1m[35mALTER TABLE "orders" ADD "amount_currency" character varying DEFAULT 'EUR' NOT NULL[0m
  [1m[35m (0.2ms)[0m  [1m[35mALTER TABLE "orders" ADD "amount" decimal[0m
  [1m[36mActiveRecord::SchemaMigration Create (0.6ms)[0m  [1m[32mINSERT INTO "schema_migrations" ("version") VALUES ($1) RETURNING "version"[0m  [["version", "20220612162235"]]
  [1m[36mTRANSACTION (2.2ms)[0m  [1m[35mCOMMIT[0m
  [1m[36mActiveRecord::InternalMetadata Load (0.5ms)[0m  [1m[34mSELECT "ar_internal_metadata".* FROM "ar_internal_metadata" WHERE "ar_internal_metadata"."key" = $1 LIMIT $2[0m  [["key", "environment"], ["LIMIT", 1]]
  [1m[35m (0.2ms)[0m  [1m[34mSELECT pg_advisory_unlock(8442349020653383500)[0m
  [1m[36mActiveRecord::SchemaMigration Pluck (0.6ms)[0m  [1m[34mSELECT "schema_migrations"."version" FROM "schema_migrations" ORDER BY "schema_migrations"."version" ASC[0m
Started GET "/" for 127.0.0.1 at 2022-06-12 19:03:43 +0200
  [1m[36mActiveRecord::SchemaMigration Pluck (1.0ms)[0m  [1m[34mSELECT "schema_migrations"."version" FROM "schema_migrations" ORDER BY "schema_migrations"."version" ASC[0m
Processing by Rails::WelcomeController#index as HTML
  Rendering /Users/a0813901/.rvm/gems/ruby-2.7.3/gems/railties-7.0.3/lib/rails/templates/rails/welcome/index.html.erb
  Rendered /Users/a0813901/.rvm/gems/ruby-2.7.3/gems/railties-7.0.3/lib/rails/templates/rails/welcome/index.html.erb (Duration: 2.4ms | Allocations: 701)
Completed 200 OK in 21ms (Views: 7.6ms | ActiveRecord: 0.0ms | Allocations: 6673)


Started GET "/fetch" for 127.0.0.1 at 2022-06-12 19:03:47 +0200
Processing by FetchController#show as HTML
Completed 500 Internal Server Error in 17ms (ActiveRecord: 0.0ms | Allocations: 3330)


  
NoMethodError (undefined method `FetchWorker' for #<FetchController:0x0000000000be50>
Did you mean?  fetch_url):
  
app/controllers/fetch_controller.rb:5:in `show'
Started GET "/fetch" for 127.0.0.1 at 2022-06-12 19:05:56 +0200
Processing by FetchController#show as HTML
Completed 200 OK in 1ms (Views: 0.1ms | ActiveRecord: 0.0ms | Allocations: 125)


Started GET "/" for 127.0.0.1 at 2022-06-12 19:12:26 +0200
  [1m[36mActiveRecord::SchemaMigration Pluck (1.7ms)[0m  [1m[34mSELECT "schema_migrations"."version" FROM "schema_migrations" ORDER BY "schema_migrations"."version" ASC[0m
Processing by Rails::WelcomeController#index as HTML
  Rendering /Users/a0813901/.rvm/gems/ruby-2.7.3/gems/railties-7.0.3/lib/rails/templates/rails/welcome/index.html.erb
  Rendered /Users/a0813901/.rvm/gems/ruby-2.7.3/gems/railties-7.0.3/lib/rails/templates/rails/welcome/index.html.erb (Duration: 1.8ms | Allocations: 593)
Completed 200 OK in 14ms (Views: 5.0ms | ActiveRecord: 0.0ms | Allocations: 5357)


Started GET "/fetch/" for 127.0.0.1 at 2022-06-12 19:12:30 +0200
Processing by FetchController#show as HTML
Completed 500 Internal Server Error in 21ms (ActiveRecord: 0.0ms | Allocations: 3464)


  
NameError (undefined local variable or method `merchants_path' for #<FetchController:0x0000000000be50>
Did you mean?  merchants_file):
  
app/controllers/fetch_controller.rb:8:in `show'
Started GET "/fetch/" for 127.0.0.1 at 2022-06-12 19:12:48 +0200
Processing by FetchController#show as HTML
Completed 500 Internal Server Error in 7ms (ActiveRecord: 0.0ms | Allocations: 2704)


  
NoMethodError (undefined method `FetchWorker' for #<FetchController:0x0000000000f870>
Did you mean?  fetch_url):
  
app/controllers/fetch_controller.rb:8:in `show'
Started GET "/fetch" for 127.0.0.1 at 2022-06-12 19:17:05 +0200
  [1m[36mActiveRecord::SchemaMigration Pluck (1.2ms)[0m  [1m[34mSELECT "schema_migrations"."version" FROM "schema_migrations" ORDER BY "schema_migrations"."version" ASC[0m
Processing by FetchController#show as HTML
Completed 500 Internal Server Error in 10ms (ActiveRecord: 0.0ms | Allocations: 5141)


  
NameError (uninitialized constant FetchController::FetchWorker):
  
app/controllers/fetch_controller.rb:8:in `show'
Started GET "/fetch" for 127.0.0.1 at 2022-06-12 19:20:24 +0200
  [1m[36mActiveRecord::SchemaMigration Pluck (0.8ms)[0m  [1m[34mSELECT "schema_migrations"."version" FROM "schema_migrations" ORDER BY "schema_migrations"."version" ASC[0m
Processing by FetchController#show as HTML
Completed 500 Internal Server Error in 9ms (ActiveRecord: 0.0ms | Allocations: 5115)


  
NameError (uninitialized constant Sidekiq::Job):
  
app/workers/fetch_worker.rb:4:in `<class:FetchWorker>'
app/workers/fetch_worker.rb:3:in `<main>'
app/controllers/fetch_controller.rb:8:in `show'
Started GET "/fetch" for 127.0.0.1 at 2022-06-12 19:20:43 +0200
  [1m[36mActiveRecord::SchemaMigration Pluck (1.6ms)[0m  [1m[34mSELECT "schema_migrations"."version" FROM "schema_migrations" ORDER BY "schema_migrations"."version" ASC[0m
Processing by FetchController#show as HTML
Completed 500 Internal Server Error in 9ms (ActiveRecord: 0.0ms | Allocations: 5085)


  
NameError (uninitialized constant Sidekiq::Job):
  
app/workers/fetch_worker.rb:4:in `<class:FetchWorker>'
app/workers/fetch_worker.rb:3:in `<main>'
app/controllers/fetch_controller.rb:8:in `show'
Started GET "/fetch" for 127.0.0.1 at 2022-06-12 19:20:44 +0200
Processing by FetchController#show as HTML
Completed 500 Internal Server Error in 6ms (ActiveRecord: 0.0ms | Allocations: 2286)


  
NameError (uninitialized constant Sidekiq::Job):
  
app/workers/fetch_worker.rb:4:in `<class:FetchWorker>'
app/workers/fetch_worker.rb:3:in `<main>'
app/controllers/fetch_controller.rb:8:in `show'
Started GET "/fetch" for 127.0.0.1 at 2022-06-12 19:23:49 +0200
  [1m[36mActiveRecord::SchemaMigration Pluck (0.9ms)[0m  [1m[34mSELECT "schema_migrations"."version" FROM "schema_migrations" ORDER BY "schema_migrations"."version" ASC[0m
Processing by FetchController#show as HTML
Completed 500 Internal Server Error in 10ms (ActiveRecord: 0.0ms | Allocations: 4400)


  
NoMethodError (undefined method `perform' for FetchWorker:Class
Did you mean?  perform_in):
  
app/controllers/fetch_controller.rb:8:in `show'
Started GET "/fetch" for 127.0.0.1 at 2022-06-12 19:25:23 +0200
Processing by FetchController#show as HTML
Completed 500 Internal Server Error in 4ms (ActiveRecord: 0.0ms | Allocations: 1387)


  
NoMethodError (undefined method `perform' for FetchWorker:Class
Did you mean?  perform_in):
  
app/controllers/fetch_controller.rb:8:in `show'
Started GET "/fetch" for 127.0.0.1 at 2022-06-12 19:26:09 +0200
Processing by FetchController#show as HTML
Completed 200 OK in 13ms (Views: 0.1ms | ActiveRecord: 0.0ms | Allocations: 1303)


  [1m[36mOrder Count (4.0ms)[0m  [1m[34mSELECT COUNT(*) FROM "orders"[0m
Started GET "/fetch" for 127.0.0.1 at 2022-06-12 19:34:05 +0200
  [1m[36mActiveRecord::SchemaMigration Pluck (1.5ms)[0m  [1m[34mSELECT "schema_migrations"."version" FROM "schema_migrations" ORDER BY "schema_migrations"."version" ASC[0m
Processing by FetchController#show as HTML
  [1m[36mOrder Load (0.7ms)[0m  [1m[34mSELECT "orders".* FROM "orders" ORDER BY "orders"."id" ASC LIMIT $1[0m  [["LIMIT", 1]]
  ↳ app/controllers/fetch_controller.rb:7:in `show'
Completed 200 OK in 17ms (Views: 0.1ms | ActiveRecord: 6.6ms | Allocations: 5558)


Started GET "/fetch" for 127.0.0.1 at 2022-06-12 19:34:28 +0200
Processing by FetchController#show as HTML
  [1m[36mOrder Load (0.3ms)[0m  [1m[34mSELECT "orders".* FROM "orders" ORDER BY "orders"."id" ASC LIMIT $1[0m  [["LIMIT", 1]]
  ↳ app/controllers/fetch_controller.rb:7:in `show'
Completed 200 OK in 8ms (Views: 0.1ms | ActiveRecord: 4.2ms | Allocations: 1381)


Started GET "/fetch" for 127.0.0.1 at 2022-06-12 19:34:59 +0200
  [1m[36mActiveRecord::SchemaMigration Pluck (1.0ms)[0m  [1m[34mSELECT "schema_migrations"."version" FROM "schema_migrations" ORDER BY "schema_migrations"."version" ASC[0m
Processing by FetchController#show as HTML
  [1m[36mOrder Load (1.0ms)[0m  [1m[34mSELECT "orders".* FROM "orders" ORDER BY "orders"."id" ASC LIMIT $1[0m  [["LIMIT", 1]]
  ↳ app/controllers/fetch_controller.rb:7:in `show'
Completed 200 OK in 19ms (Views: 0.1ms | ActiveRecord: 5.9ms | Allocations: 5591)


Started GET "/fetch" for 127.0.0.1 at 2022-06-12 19:35:03 +0200
Processing by FetchController#show as HTML
  [1m[36mOrder Load (0.4ms)[0m  [1m[34mSELECT "orders".* FROM "orders" ORDER BY "orders"."id" ASC LIMIT $1[0m  [["LIMIT", 1]]
  ↳ app/controllers/fetch_controller.rb:7:in `show'
Completed 200 OK in 4ms (Views: 0.1ms | ActiveRecord: 0.4ms | Allocations: 841)


Started GET "/fetch" for 127.0.0.1 at 2022-06-12 19:35:04 +0200
Processing by FetchController#show as HTML
  [1m[36mOrder Load (0.5ms)[0m  [1m[34mSELECT "orders".* FROM "orders" ORDER BY "orders"."id" ASC LIMIT $1[0m  [["LIMIT", 1]]
  ↳ app/controllers/fetch_controller.rb:7:in `show'
Completed 200 OK in 5ms (Views: 0.1ms | ActiveRecord: 0.5ms | Allocations: 841)


Started GET "/fetch" for 127.0.0.1 at 2022-06-12 19:35:05 +0200
Processing by FetchController#show as HTML
  [1m[36mOrder Load (0.8ms)[0m  [1m[34mSELECT "orders".* FROM "orders" ORDER BY "orders"."id" ASC LIMIT $1[0m  [["LIMIT", 1]]
  ↳ app/controllers/fetch_controller.rb:7:in `show'
Completed 200 OK in 5ms (Views: 0.1ms | ActiveRecord: 0.8ms | Allocations: 841)


Started GET "/fetch" for 127.0.0.1 at 2022-06-12 19:35:18 +0200
Processing by FetchController#show as HTML
  [1m[36mOrder Load (0.2ms)[0m  [1m[34mSELECT "orders".* FROM "orders" ORDER BY "orders"."id" ASC LIMIT $1[0m  [["LIMIT", 1]]
  ↳ app/controllers/fetch_controller.rb:7:in `show'
Completed 200 OK in 9ms (Views: 0.1ms | ActiveRecord: 4.1ms | Allocations: 1387)


Started GET "/fetch" for 127.0.0.1 at 2022-06-12 19:35:25 +0200
Processing by FetchController#show as HTML
  [1m[36mOrder Load (0.8ms)[0m  [1m[34mSELECT "orders".* FROM "orders" ORDER BY "orders"."id" ASC LIMIT $1[0m  [["LIMIT", 1]]
  ↳ app/controllers/fetch_controller.rb:7:in `show'
Completed 200 OK in 7ms (Views: 0.2ms | ActiveRecord: 0.8ms | Allocations: 825)


Started GET "/fetch" for 127.0.0.1 at 2022-06-12 19:35:42 +0200
Processing by FetchController#show as HTML
  [1m[36mOrder Load (0.3ms)[0m  [1m[34mSELECT "orders".* FROM "orders" ORDER BY "orders"."id" ASC LIMIT $1[0m  [["LIMIT", 1]]
  ↳ app/controllers/fetch_controller.rb:7:in `show'
Completed 200 OK in 10ms (Views: 0.1ms | ActiveRecord: 5.6ms | Allocations: 1405)


Started GET "/fetch" for 127.0.0.1 at 2022-06-12 19:37:41 +0200
Processing by FetchController#show as HTML
  [1m[36mOrder Load (0.4ms)[0m  [1m[34mSELECT "orders".* FROM "orders" ORDER BY "orders"."id" ASC LIMIT $1[0m  [["LIMIT", 1]]
  ↳ app/controllers/fetch_controller.rb:7:in `show'
Completed 200 OK in 5ms (Views: 0.2ms | ActiveRecord: 0.4ms | Allocations: 824)


Started GET "/fetch" for 127.0.0.1 at 2022-06-12 19:37:43 +0200
Processing by FetchController#show as HTML
  [1m[36mOrder Load (0.5ms)[0m  [1m[34mSELECT "orders".* FROM "orders" ORDER BY "orders"."id" ASC LIMIT $1[0m  [["LIMIT", 1]]
  ↳ app/controllers/fetch_controller.rb:7:in `show'
Completed 200 OK in 6ms (Views: 0.2ms | ActiveRecord: 0.5ms | Allocations: 822)


Started GET "/fetch" for 127.0.0.1 at 2022-06-12 19:37:45 +0200
Processing by FetchController#show as HTML
  [1m[36mOrder Load (0.5ms)[0m  [1m[34mSELECT "orders".* FROM "orders" ORDER BY "orders"."id" ASC LIMIT $1[0m  [["LIMIT", 1]]
  ↳ app/controllers/fetch_controller.rb:7:in `show'
Completed 200 OK in 6ms (Views: 0.4ms | ActiveRecord: 0.5ms | Allocations: 822)


Started GET "/fetch" for 127.0.0.1 at 2022-06-12 19:38:11 +0200
Processing by FetchController#show as HTML
  [1m[36mOrder Load (0.4ms)[0m  [1m[34mSELECT "orders".* FROM "orders" ORDER BY "orders"."id" ASC LIMIT $1[0m  [["LIMIT", 1]]
  ↳ app/controllers/fetch_controller.rb:7:in `show'
Completed 200 OK in 9ms (Views: 0.1ms | ActiveRecord: 5.1ms | Allocations: 1368)


  [1m[36mTRANSACTION (0.2ms)[0m  [1m[35mBEGIN[0m
  ↳ app/services/fetchers/json_fetcher.rb:25:in `block in save_merchants'
  [1m[36mMerchant Create (5.7ms)[0m  [1m[32mINSERT INTO "merchants" ("name", "email", "cif", "internal_id", "created_at", "updated_at") VALUES ($1, $2, $3, $4, $5, $6) RETURNING "id"[0m  [["name", "Flatley-Rowe"], ["email", "info@flatley-rowe.com"], ["cif", "B611111111"], ["internal_id", 1], ["created_at", "2022-06-12 17:38:11.942710"], ["updated_at", "2022-06-12 17:38:11.942710"]]
  ↳ app/services/fetchers/json_fetcher.rb:25:in `block in save_merchants'
  [1m[36mTRANSACTION (0.5ms)[0m  [1m[35mCOMMIT[0m
  ↳ app/services/fetchers/json_fetcher.rb:25:in `block in save_merchants'
  [1m[36mTRANSACTION (0.1ms)[0m  [1m[35mBEGIN[0m
  ↳ app/services/fetchers/json_fetcher.rb:25:in `block in save_merchants'
  [1m[36mMerchant Create (0.4ms)[0m  [1m[32mINSERT INTO "merchants" ("name", "email", "cif", "internal_id", "created_at", "updated_at") VALUES ($1, $2, $3, $4, $5, $6) RETURNING "id"[0m  [["name", "Weissnat, Hackett and Purdy"], ["email", "info@weissnat-hackett-and-purdy.com"], ["cif", "B611111112"], ["internal_id", 2], ["created_at", "2022-06-12 17:38:11.953403"], ["updated_at", "2022-06-12 17:38:11.953403"]]
  ↳ app/services/fetchers/json_fetcher.rb:25:in `block in save_merchants'
  [1m[36mTRANSACTION (0.3ms)[0m  [1m[35mCOMMIT[0m
  ↳ app/services/fetchers/json_fetcher.rb:25:in `block in save_merchants'
  [1m[36mMerchant Load (0.4ms)[0m  [1m[34mSELECT "merchants".* FROM "merchants" WHERE "merchants"."internal_id" = $1 LIMIT $2[0m  [["internal_id", 2], ["LIMIT", 1]]
  ↳ app/services/fetchers/json_fetcher.rb:41:in `block in save_orders'
  [1m[36mTRANSACTION (0.1ms)[0m  [1m[35mBEGIN[0m
  ↳ app/services/fetchers/json_fetcher.rb:38:in `block in save_orders'
  [1m[36mOrder Create (6.5ms)[0m  [1m[32mINSERT INTO "orders" ("order_creation", "order_completion", "merchant_id", "internal_id", "created_at", "updated_at", "amount_cents", "amount_currency", "amount") VALUES ($1, $2, $3, $4, $5, $6, $7, $8, $9) RETURNING "id"[0m  [["order_creation", "2018-01-01 02:51:00"], ["order_completion", nil], ["merchant_id", 2], ["internal_id", 3], ["created_at", "2022-06-12 17:38:11.982624"], ["updated_at", "2022-06-12 17:38:11.982624"], ["amount_cents", 0], ["amount_currency", "EUR"], ["amount", "445.5"]]
  ↳ app/services/fetchers/json_fetcher.rb:38:in `block in save_orders'
  [1m[36mTRANSACTION (0.2ms)[0m  [1m[35mCOMMIT[0m
  ↳ app/services/fetchers/json_fetcher.rb:38:in `block in save_orders'
  [1m[36mMerchant Load (0.2ms)[0m  [1m[34mSELECT "merchants".* FROM "merchants" WHERE "merchants"."internal_id" = $1 LIMIT $2[0m  [["internal_id", 2], ["LIMIT", 1]]
  ↳ app/services/fetchers/json_fetcher.rb:41:in `block in save_orders'
  [1m[36mTRANSACTION (0.1ms)[0m  [1m[35mBEGIN[0m
  ↳ app/services/fetchers/json_fetcher.rb:38:in `block in save_orders'
  [1m[36mOrder Create (0.3ms)[0m  [1m[32mINSERT INTO "orders" ("order_creation", "order_completion", "merchant_id", "internal_id", "created_at", "updated_at", "amount_cents", "amount_currency", "amount") VALUES ($1, $2, $3, $4, $5, $6, $7, $8, $9) RETURNING "id"[0m  [["order_creation", "2018-01-01 07:36:00"], ["order_completion", nil], ["merchant_id", 2], ["internal_id", 8], ["created_at", "2022-06-12 17:38:11.992753"], ["updated_at", "2022-06-12 17:38:11.992753"], ["amount_cents", 0], ["amount_currency", "EUR"], ["amount", "190.61"]]
  ↳ app/services/fetchers/json_fetcher.rb:38:in `block in save_orders'
  [1m[36mTRANSACTION (0.2ms)[0m  [1m[35mCOMMIT[0m
  ↳ app/services/fetchers/json_fetcher.rb:38:in `block in save_orders'
Started GET "/fetch" for 127.0.0.1 at 2022-06-12 19:38:15 +0200
Processing by FetchController#show as HTML
  [1m[36mOrder Load (0.6ms)[0m  [1m[34mSELECT "orders".* FROM "orders" ORDER BY "orders"."id" ASC LIMIT $1[0m  [["LIMIT", 1]]
  ↳ app/controllers/fetch_controller.rb:7:in `show'
Completed 200 OK in 22ms (Views: 0.2ms | ActiveRecord: 2.9ms | Allocations: 6898)


